# JRE version: OpenJDK Runtime Environment (21.0.6) (build 21.0.6+-13391695-b895.109)
# Java VM: OpenJDK 64-Bit Server VM (21.0.6+-13391695-b895.109, mixed mode, tiered, compressed oops, compressed class ptrs, g1 gc, windows-amd64)
GC Precious Log:
 CardTable entry size: 512
 Card Set container configuration: InlinePtr #cards 5 size 8 Array Of Cards #cards 12 size 40 Howl #buckets 4 coarsen threshold 1843 Howl Bitmap #cards 512 size 80 coarsen threshold 460 Card regions per heap region 1 cards per card region 2048
 CPUs: 12 total, 12 available
 Memory: 7379M
 Large Page Support: Disabled
 NUMA Support: Disabled
 Compressed Oops: Enabled (32-bit)
 Heap Region Size: 1M
 Heap Min Capacity: 8M
 Heap Initial Capacity: 116M
 Heap Max Capacity: 2G
 Pre-touch: Disabled
 Parallel Workers: 10
 Concurrent Workers: 3
 Concurrent Refinement Workers: 10
 Periodic GC: Disabled
Heap:
 garbage-first heap   total 299008K, used 209508K [0x0000000080000000, 0x0000000100000000)
  region size 1024K, 36 young (36864K), 7 survivors (7168K)
 Metaspace       used 132536K, committed 134848K, reserved 1179648K
  class space    used 17510K, committed 18624K, reserved 1048576K
GC Heap History (20 events):
Event: 14.068 GC heap before
{Heap before GC invocations=33 (full 0):
 garbage-first heap   total 194560K, used 164491K [0x0000000080000000, 0x0000000100000000)
  region size 1024K, 53 young (54272K), 5 survivors (5120K)
 Metaspace       used 92723K, committed 94656K, reserved 1179648K
  class space    used 12873K, committed 13824K, reserved 1048576K
}
Event: 14.075 GC heap after
{Heap after GC invocations=34 (full 0):
 garbage-first heap   total 194560K, used 118099K [0x0000000080000000, 0x0000000100000000)
  region size 1024K, 6 young (6144K), 6 survivors (6144K)
 Metaspace       used 92723K, committed 94656K, reserved 1179648K
  class space    used 12873K, committed 13824K, reserved 1048576K
}
Event: 14.953 GC heap before
{Heap before GC invocations=34 (full 0):
 garbage-first heap   total 194560K, used 175443K [0x0000000080000000, 0x0000000100000000)
  region size 1024K, 63 young (64512K), 6 survivors (6144K)
 Metaspace       used 101059K, committed 102976K, reserved 1179648K
  class space    used 13902K, committed 14848K, reserved 1048576K
}
Event: 14.962 GC heap after
{Heap after GC invocations=35 (full 0):
 garbage-first heap   total 194560K, used 118708K [0x0000000080000000, 0x0000000100000000)
  region size 1024K, 5 young (5120K), 5 survivors (5120K)
 Metaspace       used 101059K, committed 102976K, reserved 1179648K
  class space    used 13902K, committed 14848K, reserved 1048576K
}
Event: 15.205 GC heap before
{Heap before GC invocations=35 (full 0):
 garbage-first heap   total 194560K, used 136116K [0x0000000080000000, 0x0000000100000000)
  region size 1024K, 23 young (23552K), 5 survivors (5120K)
 Metaspace       used 103698K, committed 105664K, reserved 1179648K
  class space    used 14223K, committed 15168K, reserved 1048576K
}
Event: 15.211 GC heap after
{Heap after GC invocations=36 (full 0):
 garbage-first heap   total 194560K, used 119637K [0x0000000080000000, 0x0000000100000000)
  region size 1024K, 3 young (3072K), 3 survivors (3072K)
 Metaspace       used 103698K, committed 105664K, reserved 1179648K
  class space    used 14223K, committed 15168K, reserved 1048576K
}
Event: 15.664 GC heap before
{Heap before GC invocations=37 (full 0):
 garbage-first heap   total 214016K, used 194389K [0x0000000080000000, 0x0000000100000000)
  region size 1024K, 61 young (62464K), 3 survivors (3072K)
 Metaspace       used 104109K, committed 106112K, reserved 1179648K
  class space    used 14236K, committed 15168K, reserved 1048576K
}
Event: 15.691 GC heap after
{Heap after GC invocations=38 (full 0):
 garbage-first heap   total 217088K, used 145074K [0x0000000080000000, 0x0000000100000000)
  region size 1024K, 8 young (8192K), 8 survivors (8192K)
 Metaspace       used 104109K, committed 106112K, reserved 1179648K
  class space    used 14236K, committed 15168K, reserved 1048576K
}
Event: 16.032 GC heap before
{Heap before GC invocations=38 (full 0):
 garbage-first heap   total 217088K, used 196274K [0x0000000080000000, 0x0000000100000000)
  region size 1024K, 56 young (57344K), 8 survivors (8192K)
 Metaspace       used 104495K, committed 106432K, reserved 1179648K
  class space    used 14317K, committed 15296K, reserved 1048576K
}
Event: 16.052 GC heap after
{Heap after GC invocations=39 (full 0):
 garbage-first heap   total 219136K, used 151125K [0x0000000080000000, 0x0000000100000000)
  region size 1024K, 7 young (7168K), 7 survivors (7168K)
 Metaspace       used 104495K, committed 106432K, reserved 1179648K
  class space    used 14317K, committed 15296K, reserved 1048576K
}
Event: 16.424 GC heap before
{Heap before GC invocations=39 (full 0):
 garbage-first heap   total 219136K, used 175701K [0x0000000080000000, 0x0000000100000000)
  region size 1024K, 32 young (32768K), 7 survivors (7168K)
 Metaspace       used 108000K, committed 109952K, reserved 1179648K
  class space    used 14706K, committed 15680K, reserved 1048576K
}
Event: 16.435 GC heap after
{Heap after GC invocations=40 (full 0):
 garbage-first heap   total 219136K, used 153108K [0x0000000080000000, 0x0000000100000000)
  region size 1024K, 2 young (2048K), 2 survivors (2048K)
 Metaspace       used 108000K, committed 109952K, reserved 1179648K
  class space    used 14706K, committed 15680K, reserved 1048576K
}
Event: 17.094 GC heap before
{Heap before GC invocations=41 (full 0):
 garbage-first heap   total 270336K, used 212500K [0x0000000080000000, 0x0000000100000000)
  region size 1024K, 46 young (47104K), 2 survivors (2048K)
 Metaspace       used 112003K, committed 113920K, reserved 1179648K
  class space    used 15087K, committed 16064K, reserved 1048576K
}
Event: 17.104 GC heap after
{Heap after GC invocations=42 (full 0):
 garbage-first heap   total 270336K, used 172696K [0x0000000080000000, 0x0000000100000000)
  region size 1024K, 6 young (6144K), 6 survivors (6144K)
 Metaspace       used 112003K, committed 113920K, reserved 1179648K
  class space    used 15087K, committed 16064K, reserved 1048576K
}
Event: 17.989 GC heap before
{Heap before GC invocations=42 (full 0):
 garbage-first heap   total 270336K, used 241304K [0x0000000080000000, 0x0000000100000000)
  region size 1024K, 73 young (74752K), 6 survivors (6144K)
 Metaspace       used 120597K, committed 122880K, reserved 1179648K
  class space    used 16119K, committed 17280K, reserved 1048576K
}
Event: 17.997 GC heap after
{Heap after GC invocations=43 (full 0):
 garbage-first heap   total 270336K, used 174527K [0x0000000080000000, 0x0000000100000000)
  region size 1024K, 4 young (4096K), 4 survivors (4096K)
 Metaspace       used 120597K, committed 122880K, reserved 1179648K
  class space    used 16119K, committed 17280K, reserved 1048576K
}
Event: 18.552 GC heap before
{Heap before GC invocations=43 (full 0):
 garbage-first heap   total 270336K, used 216511K [0x0000000080000000, 0x0000000100000000)
  region size 1024K, 46 young (47104K), 4 survivors (4096K)
 Metaspace       used 126012K, committed 128320K, reserved 1179648K
  class space    used 16790K, committed 17920K, reserved 1048576K
}
Event: 18.559 GC heap after
{Heap after GC invocations=44 (full 0):
 garbage-first heap   total 270336K, used 177621K [0x0000000080000000, 0x0000000100000000)
  region size 1024K, 7 young (7168K), 7 survivors (7168K)
 Metaspace       used 126012K, committed 128320K, reserved 1179648K
  class space    used 16790K, committed 17920K, reserved 1048576K
}
Event: 19.229 GC heap before
{Heap before GC invocations=45 (full 0):
 garbage-first heap   total 299008K, used 247253K [0x0000000080000000, 0x0000000100000000)
  region size 1024K, 74 young (75776K), 7 survivors (7168K)
 Metaspace       used 129649K, committed 131968K, reserved 1179648K
  class space    used 17220K, committed 18368K, reserved 1048576K
}
Event: 19.238 GC heap after
{Heap after GC invocations=46 (full 0):
 garbage-first heap   total 299008K, used 180836K [0x0000000080000000, 0x0000000100000000)
  region size 1024K, 7 young (7168K), 7 survivors (7168K)
 Metaspace       used 129649K, committed 131968K, reserved 1179648K
  class space    used 17220K, committed 18368K, reserved 1048576K
}

